<?xml version="1.0" encoding="UTF-8"?>
<!-- Generated by org.testng.reporters.JUnitReportReporter -->
<testsuite hostname="DESKTOP-JRNB4RM" failures="0" tests="1" name="com.patient_Role_Tests.Econsult_Page_Test" time="129.328" errors="0" timestamp="2020-01-10T11:35:30 IST" skipped="0">
  <testcase classname="com.patient_Role_Tests.Econsult_Page_Test" name="E_consult" time="129.328"/>
</testsuite> <!-- com.patient_Role_Tests.Econsult_Page_Test -->
