<?xml version="1.0" encoding="UTF-8"?>
<!-- Generated by org.testng.reporters.JUnitReportReporter -->
<testsuite hostname="DESKTOP-JRNB4RM" failures="0" tests="2" name="com.patient_Role_Tests.Patient_Login_Page_Test" time="20.885" errors="0" timestamp="2020-01-10T11:35:30 IST" skipped="0">
  <testcase classname="com.patient_Role_Tests.Patient_Login_Page_Test" name="sign_in_pageTitleTest" time="10.184"/>
  <testcase classname="com.patient_Role_Tests.Patient_Login_Page_Test" name="Sign_in_buttonTest" time="10.701"/>
</testsuite> <!-- com.patient_Role_Tests.Patient_Login_Page_Test -->
