<?xml version="1.0" encoding="UTF-8"?>
<!-- Generated by org.testng.reporters.JUnitReportReporter -->
<testsuite hostname="DESKTOP-JRNB4RM" failures="0" tests="2" name="com.patient_Role_Tests.Patient_Login_Page_Test" time="24.518" errors="0" timestamp="2020-01-14T12:37:07 IST" skipped="0">
  <testcase classname="com.patient_Role_Tests.Patient_Login_Page_Test" name="sign_in_pageTitleTest" time="13.827"/>
  <testcase classname="com.patient_Role_Tests.Patient_Login_Page_Test" name="Sign_in_buttonTest" time="10.691"/>
</testsuite> <!-- com.patient_Role_Tests.Patient_Login_Page_Test -->
