<?xml version="1.0" encoding="UTF-8"?>
<!-- Generated by org.testng.reporters.JUnitReportReporter -->
<testsuite hostname="DESKTOP-JRNB4RM" failures="0" tests="2" name="com.patient_Role_Tests.Mychartpagetest" time="60.469" errors="0" timestamp="2020-01-10T11:35:30 IST" skipped="0">
  <testcase classname="com.patient_Role_Tests.Mychartpagetest" name="settings_Page_IconTest" time="28.627"/>
  <testcase classname="com.patient_Role_Tests.Mychartpagetest" name="verifyMychartpage_TitleTest" time="31.842"/>
</testsuite> <!-- com.patient_Role_Tests.Mychartpagetest -->
