<?xml version="1.0" encoding="UTF-8"?>
<!-- Generated by org.testng.reporters.JUnitReportReporter -->
<testsuite hostname="DESKTOP-JRNB4RM" failures="0" tests="3" name="Logingtest" time="1.814" errors="0" timestamp="2019-11-28T12:12:22 IST" skipped="0">
  <testcase classname="Logingtest" name="sign_in_pageTitleTest" time="0.512"/>
  <testcase classname="Logingtest" name="Sign_in_buttonTest" time="0.062"/>
  <testcase classname="Logingtest" name="loginTest" time="1.240"/>
</testsuite> <!-- Logingtest -->
