<?xml version="1.0" encoding="UTF-8"?>
<!-- Generated by org.testng.reporters.JUnitReportReporter -->
<testsuite hostname="DESKTOP-JRNB4RM" failures="0" tests="2" name="com.patient_Role_Tests.Mychartpagetest" time="62.323" errors="0" timestamp="2020-01-13T17:27:58 IST" skipped="0">
  <testcase classname="com.patient_Role_Tests.Mychartpagetest" name="verifyMychartpage_TitleTest" time="31.247"/>
  <testcase classname="com.patient_Role_Tests.Mychartpagetest" name="settings_Page_IconTest" time="31.076"/>
</testsuite> <!-- com.patient_Role_Tests.Mychartpagetest -->
